# JRE version: OpenJDK Runtime Environment (8.0_212-b04) (build 1.8.0_212-release-1586-b04)
# Java VM: OpenJDK 64-Bit Server VM (25.212-b04 mixed mode windows-amd64 compressed oops)
Heap:
 PSYoungGen      total 141824K, used 33551K [0x00000000e0000000, 0x00000000e9500000, 0x0000000100000000)
  eden space 131072K, 17% used [0x00000000e0000000,0x00000000e1648a88,0x00000000e8000000)
  from space 10752K, 99% used [0x00000000e8000000,0x00000000e8a7b458,0x00000000e8a80000)
  to   space 10752K, 0% used [0x00000000e8a80000,0x00000000e8a80000,0x00000000e9500000)
 ParOldGen       total 89088K, used 9821K [0x00000000a0000000, 0x00000000a5700000, 0x00000000e0000000)
  object space 89088K, 11% used [0x00000000a0000000,0x00000000a09974d0,0x00000000a5700000)
 Metaspace       used 32751K, capacity 33356K, committed 33664K, reserved 1079296K
  class space    used 4483K, capacity 4687K, committed 4736K, reserved 1048576K
GC Heap History (10 events):
Event: 3.021 GC heap before
{Heap before GC invocations=2 (full 0):
 PSYoungGen      total 76288K, used 71163K [0x00000000e0000000, 0x00000000e5500000, 0x0000000100000000)
  eden space 65536K, 100% used [0x00000000e0000000,0x00000000e4000000,0x00000000e4000000)
  from space 10752K, 52% used [0x00000000e4000000,0x00000000e457ecb8,0x00000000e4a80000)
  to   space 10752K, 0% used [0x00000000e4a80000,0x00000000e4a80000,0x00000000e5500000)
 ParOldGen       total 175104K, used 16K [0x00000000a0000000, 0x00000000aab00000, 0x00000000e0000000)
  object space 175104K, 0% used [0x00000000a0000000,0x00000000a0004000,0x00000000aab00000)
 Metaspace       used 14518K, capacity 14946K, committed 15232K, reserved 1062912K
  class space    used 2014K, capacity 2127K, committed 2176K, reserved 1048576K
Event: 3.031 GC heap after
Heap after GC invocations=2 (full 0):
 PSYoungGen      total 76288K, used 9541K [0x00000000e0000000, 0x00000000e5500000, 0x0000000100000000)
  eden space 65536K, 0% used [0x00000000e0000000,0x00000000e0000000,0x00000000e4000000)
  from space 10752K, 88% used [0x00000000e4a80000,0x00000000e53d17a8,0x00000000e5500000)
  to   space 10752K, 0% used [0x00000000e4000000,0x00000000e4000000,0x00000000e4a80000)
 ParOldGen       total 175104K, used 24K [0x00000000a0000000, 0x00000000aab00000, 0x00000000e0000000)
  object space 175104K, 0% used [0x00000000a0000000,0x00000000a0006000,0x00000000aab00000)
 Metaspace       used 14518K, capacity 14946K, committed 15232K, reserved 1062912K
  class space    used 2014K, capacity 2127K, committed 2176K, reserved 1048576K
}
Event: 3.862 GC heap before
{Heap before GC invocations=3 (full 0):
 PSYoungGen      total 76288K, used 75077K [0x00000000e0000000, 0x00000000e5500000, 0x0000000100000000)
  eden space 65536K, 100% used [0x00000000e0000000,0x00000000e4000000,0x00000000e4000000)
  from space 10752K, 88% used [0x00000000e4a80000,0x00000000e53d17a8,0x00000000e5500000)
  to   space 10752K, 0% used [0x00000000e4000000,0x00000000e4000000,0x00000000e4a80000)
 ParOldGen       total 175104K, used 24K [0x00000000a0000000, 0x00000000aab00000, 0x00000000e0000000)
  object space 175104K, 0% used [0x00000000a0000000,0x00000000a0006000,0x00000000aab00000)
 Metaspace       used 20094K, capacity 20594K, committed 20736K, reserved 1067008K
  class space    used 2910K, capacity 3065K, committed 3072K, reserved 1048576K
Event: 3.883 GC heap after
Heap after GC invocations=3 (full 0):
 PSYoungGen      total 76288K, used 10749K [0x00000000e0000000, 0x00000000e9500000, 0x0000000100000000)
  eden space 65536K, 0% used [0x00000000e0000000,0x00000000e0000000,0x00000000e4000000)
  from space 10752K, 99% used [0x00000000e4000000,0x00000000e4a7f770,0x00000000e4a80000)
  to   space 10752K, 0% used [0x00000000e8a80000,0x00000000e8a80000,0x00000000e9500000)
 ParOldGen       total 175104K, used 1062K [0x00000000a0000000, 0x00000000aab00000, 0x00000000e0000000)
  object space 175104K, 0% used [0x00000000a0000000,0x00000000a0109af0,0x00000000aab00000)
 Metaspace       used 20094K, capacity 20594K, committed 20736K, reserved 1067008K
  class space    used 2910K, capacity 3065K, committed 3072K, reserved 1048576K
}
Event: 3.945 GC heap before
{Heap before GC invocations=4 (full 0):
 PSYoungGen      total 76288K, used 15029K [0x00000000e0000000, 0x00000000e9500000, 0x0000000100000000)
  eden space 65536K, 6% used [0x00000000e0000000,0x00000000e042e060,0x00000000e4000000)
  from space 10752K, 99% used [0x00000000e4000000,0x00000000e4a7f770,0x00000000e4a80000)
  to   space 10752K, 0% used [0x00000000e8a80000,0x00000000e8a80000,0x00000000e9500000)
 ParOldGen       total 175104K, used 1062K [0x00000000a0000000, 0x00000000aab00000, 0x00000000e0000000)
  object space 175104K, 0% used [0x00000000a0000000,0x00000000a0109af0,0x00000000aab00000)
 Metaspace       used 20734K, capacity 21202K, committed 21296K, reserved 1067008K
  class space    used 2996K, capacity 3161K, committed 3200K, reserved 1048576K
Event: 3.952 GC heap after
Heap after GC invocations=4 (full 0):
 PSYoungGen      total 141824K, used 7835K [0x00000000e0000000, 0x00000000e9500000, 0x0000000100000000)
  eden space 131072K, 0% used [0x00000000e0000000,0x00000000e0000000,0x00000000e8000000)
  from space 10752K, 72% used [0x00000000e8a80000,0x00000000e9226de0,0x00000000e9500000)
  to   space 10752K, 0% used [0x00000000e8000000,0x00000000e8000000,0x00000000e8a80000)
 ParOldGen       total 175104K, used 1070K [0x00000000a0000000, 0x00000000aab00000, 0x00000000e0000000)
  object space 175104K, 0% used [0x00000000a0000000,0x00000000a010baf0,0x00000000aab00000)
 Metaspace       used 20734K, capacity 21202K, committed 21296K, reserved 1067008K
  class space    used 2996K, capacity 3161K, committed 3200K, reserved 1048576K
}
Event: 3.952 GC heap before
{Heap before GC invocations=5 (full 1):
 PSYoungGen      total 141824K, used 7835K [0x00000000e0000000, 0x00000000e9500000, 0x0000000100000000)
  eden space 131072K, 0% used [0x00000000e0000000,0x00000000e0000000,0x00000000e8000000)
  from space 10752K, 72% used [0x00000000e8a80000,0x00000000e9226de0,0x00000000e9500000)
  to   space 10752K, 0% used [0x00000000e8000000,0x00000000e8000000,0x00000000e8a80000)
 ParOldGen       total 175104K, used 1070K [0x00000000a0000000, 0x00000000aab00000, 0x00000000e0000000)
  object space 175104K, 0% used [0x00000000a0000000,0x00000000a010baf0,0x00000000aab00000)
 Metaspace       used 20734K, capacity 21202K, committed 21296K, reserved 1067008K
  class space    used 2996K, capacity 3161K, committed 3200K, reserved 1048576K
Event: 3.990 GC heap after
Heap after GC invocations=5 (full 1):
 PSYoungGen      total 141824K, used 0K [0x00000000e0000000, 0x00000000e9500000, 0x0000000100000000)
  eden space 131072K, 0% used [0x00000000e0000000,0x00000000e0000000,0x00000000e8000000)
  from space 10752K, 0% used [0x00000000e8a80000,0x00000000e8a80000,0x00000000e9500000)
  to   space 10752K, 0% used [0x00000000e8000000,0x00000000e8000000,0x00000000e8a80000)
 ParOldGen       total 89088K, used 7658K [0x00000000a0000000, 0x00000000a5700000, 0x00000000e0000000)
  object space 89088K, 8% used [0x00000000a0000000,0x00000000a077aa08,0x00000000a5700000)
 Metaspace       used 20734K, capacity 21202K, committed 21296K, reserved 1067008K
  class space    used 2996K, capacity 3161K, committed 3200K, reserved 1048576K
}
Event: 5.989 GC heap before
{Heap before GC invocations=6 (full 1):
 PSYoungGen      total 141824K, used 131072K [0x00000000e0000000, 0x00000000e9500000, 0x0000000100000000)
  eden space 131072K, 100% used [0x00000000e0000000,0x00000000e8000000,0x00000000e8000000)
  from space 10752K, 0% used [0x00000000e8a80000,0x00000000e8a80000,0x00000000e9500000)
  to   space 10752K, 0% used [0x00000000e8000000,0x00000000e8000000,0x00000000e8a80000)
 ParOldGen       total 89088K, used 7658K [0x00000000a0000000, 0x00000000a5700000, 0x00000000e0000000)
  object space 89088K, 8% used [0x00000000a0000000,0x00000000a077aa08,0x00000000a5700000)
 Metaspace       used 31877K, capacity 32524K, committed 32768K, reserved 1077248K
  class space    used 4358K, capacity 4559K, committed 4608K, reserved 1048576K
Event: 6.003 GC heap after
Heap after GC invocations=6 (full 1):
 PSYoungGen      total 141824K, used 10733K [0x00000000e0000000, 0x00000000e9500000, 0x0000000100000000)
  eden space 131072K, 0% used [0x00000000e0000000,0x00000000e0000000,0x00000000e8000000)
  from space 10752K, 99% used [0x00000000e8000000,0x00000000e8a7b458,0x00000000e8a80000)
  to   space 10752K, 0% used [0x00000000e8a80000,0x00000000e8a80000,0x00000000e9500000)
 ParOldGen       total 89088K, used 9821K [0x00000000a0000000, 0x00000000a5700000, 0x00000000e0000000)
  object space 89088K, 11% used [0x00000000a0000000,0x00000000a09974d0,0x00000000a5700000)
 Metaspace       used 31877K, capacity 32524K, committed 32768K, reserved 1077248K
  class space    used 4358K, capacity 4559K, committed 4608K, reserved 1048576K
}

